::1 - - [24/Mar/2021:05:10:44 +0000] "GET / HTTP/1.1" 304 - "-" "Mozilla/5.0 (Windows NT 6.3; Win64; x64) AppleWebKit/537.36 (KHTML, like Gecko) Chrome/89.0.4389.90 Safari/537.36"
::1 - - [24/Mar/2021:05:10:44 +0000] "GET /css/main.css HTTP/1.1" 304 - "-" "Mozilla/5.0 (Windows NT 6.3; Win64; x64) AppleWebKit/537.36 (KHTML, like Gecko) Chrome/89.0.4389.90 Safari/537.36"
::1 - - [24/Mar/2021:05:10:44 +0000] "GET /css/product.css HTTP/1.1" 304 - "-" "Mozilla/5.0 (Windows NT 6.3; Win64; x64) AppleWebKit/537.36 (KHTML, like Gecko) Chrome/89.0.4389.90 Safari/537.36"
::1 - - [24/Mar/2021:05:10:44 +0000] "GET /js/main.js HTTP/1.1" 304 - "-" "Mozilla/5.0 (Windows NT 6.3; Win64; x64) AppleWebKit/537.36 (KHTML, like Gecko) Chrome/89.0.4389.90 Safari/537.36"
::1 - - [24/Mar/2021:05:10:44 +0000] "GET /images/1615706258898_book%202.jpeg HTTP/1.1" 304 - "-" "Mozilla/5.0 (Windows NT 6.3; Win64; x64) AppleWebKit/537.36 (KHTML, like Gecko) Chrome/89.0.4389.90 Safari/537.36"
::1 - - [24/Mar/2021:05:10:44 +0000] "GET /images/1616520498523_book2.jpeg HTTP/1.1" 304 - "-" "Mozilla/5.0 (Windows NT 6.3; Win64; x64) AppleWebKit/537.36 (KHTML, like Gecko) Chrome/89.0.4389.90 Safari/537.36"
::1 - - [24/Mar/2021:05:10:44 +0000] "GET /images/1615613352214_book%203.jpeg HTTP/1.1" 304 - "-" "Mozilla/5.0 (Windows NT 6.3; Win64; x64) AppleWebKit/537.36 (KHTML, like Gecko) Chrome/89.0.4389.90 Safari/537.36"
::1 - - [24/Mar/2021:12:14:13 +0000] "GET / HTTP/1.1" 200 - "-" "Mozilla/5.0 (Windows NT 6.3; Win64; x64) AppleWebKit/537.36 (KHTML, like Gecko) Chrome/89.0.4389.90 Safari/537.36"
::1 - - [24/Mar/2021:12:14:13 +0000] "GET /css/main.css HTTP/1.1" 304 - "-" "Mozilla/5.0 (Windows NT 6.3; Win64; x64) AppleWebKit/537.36 (KHTML, like Gecko) Chrome/89.0.4389.90 Safari/537.36"
::1 - - [24/Mar/2021:12:14:13 +0000] "GET /css/product.css HTTP/1.1" 304 - "-" "Mozilla/5.0 (Windows NT 6.3; Win64; x64) AppleWebKit/537.36 (KHTML, like Gecko) Chrome/89.0.4389.90 Safari/537.36"
::1 - - [24/Mar/2021:12:14:13 +0000] "GET /images/1615613352214_book%203.jpeg HTTP/1.1" 304 - "-" "Mozilla/5.0 (Windows NT 6.3; Win64; x64) AppleWebKit/537.36 (KHTML, like Gecko) Chrome/89.0.4389.90 Safari/537.36"
::1 - - [24/Mar/2021:12:14:13 +0000] "GET /js/main.js HTTP/1.1" 304 - "-" "Mozilla/5.0 (Windows NT 6.3; Win64; x64) AppleWebKit/537.36 (KHTML, like Gecko) Chrome/89.0.4389.90 Safari/537.36"
::1 - - [24/Mar/2021:12:14:13 +0000] "GET /images/1615706258898_book%202.jpeg HTTP/1.1" 304 - "-" "Mozilla/5.0 (Windows NT 6.3; Win64; x64) AppleWebKit/537.36 (KHTML, like Gecko) Chrome/89.0.4389.90 Safari/537.36"
::1 - - [24/Mar/2021:12:14:13 +0000] "GET /images/1616520498523_book2.jpeg HTTP/1.1" 304 - "-" "Mozilla/5.0 (Windows NT 6.3; Win64; x64) AppleWebKit/537.36 (KHTML, like Gecko) Chrome/89.0.4389.90 Safari/537.36"
::1 - - [24/Mar/2021:12:14:14 +0000] "GET /favicon.ico HTTP/1.1" 404 - "-" "Mozilla/5.0 (Windows NT 6.3; Win64; x64) AppleWebKit/537.36 (KHTML, like Gecko) Chrome/89.0.4389.90 Safari/537.36"
::1 - - [24/Mar/2021:12:14:22 +0000] "GET /products/604db893e6fb2516d01ebef9 HTTP/1.1" 200 - "-" "Mozilla/5.0 (Windows NT 6.3; Win64; x64) AppleWebKit/537.36 (KHTML, like Gecko) Chrome/89.0.4389.90 Safari/537.36"
::1 - - [24/Mar/2021:12:14:22 +0000] "GET /css/main.css HTTP/1.1" 304 - "-" "Mozilla/5.0 (Windows NT 6.3; Win64; x64) AppleWebKit/537.36 (KHTML, like Gecko) Chrome/89.0.4389.90 Safari/537.36"
::1 - - [24/Mar/2021:12:14:22 +0000] "GET /js/main.js HTTP/1.1" 304 - "-" "Mozilla/5.0 (Windows NT 6.3; Win64; x64) AppleWebKit/537.36 (KHTML, like Gecko) Chrome/89.0.4389.90 Safari/537.36"
::1 - - [24/Mar/2021:12:14:22 +0000] "GET /images/1615706258898_book%202.jpeg HTTP/1.1" 304 - "-" "Mozilla/5.0 (Windows NT 6.3; Win64; x64) AppleWebKit/537.36 (KHTML, like Gecko) Chrome/89.0.4389.90 Safari/537.36"
::1 - - [24/Mar/2021:12:14:59 +0000] "GET /products/604db893e6fb2516d01ebef9 HTTP/1.1" 200 - "-" "Mozilla/5.0 (Windows NT 6.3; Win64; x64) AppleWebKit/537.36 (KHTML, like Gecko) Chrome/89.0.4389.90 Safari/537.36"
::1 - - [24/Mar/2021:12:14:59 +0000] "GET /css/main.css HTTP/1.1" 304 - "-" "Mozilla/5.0 (Windows NT 6.3; Win64; x64) AppleWebKit/537.36 (KHTML, like Gecko) Chrome/89.0.4389.90 Safari/537.36"
::1 - - [24/Mar/2021:12:14:59 +0000] "GET /js/main.js HTTP/1.1" 304 - "-" "Mozilla/5.0 (Windows NT 6.3; Win64; x64) AppleWebKit/537.36 (KHTML, like Gecko) Chrome/89.0.4389.90 Safari/537.36"
::1 - - [24/Mar/2021:12:14:59 +0000] "GET /images/1615706258898_book%202.jpeg HTTP/1.1" 304 - "-" "Mozilla/5.0 (Windows NT 6.3; Win64; x64) AppleWebKit/537.36 (KHTML, like Gecko) Chrome/89.0.4389.90 Safari/537.36"
::1 - - [24/Mar/2021:12:15:09 +0000] "GET /products/604db893e6fb2516d01ebef9 HTTP/1.1" 200 - "-" "Mozilla/5.0 (Windows NT 6.3; Win64; x64) AppleWebKit/537.36 (KHTML, like Gecko) Chrome/89.0.4389.90 Safari/537.36"
::1 - - [24/Mar/2021:12:15:09 +0000] "GET /css/main.css HTTP/1.1" 304 - "-" "Mozilla/5.0 (Windows NT 6.3; Win64; x64) AppleWebKit/537.36 (KHTML, like Gecko) Chrome/89.0.4389.90 Safari/537.36"
::1 - - [24/Mar/2021:12:15:09 +0000] "GET /images/1615706258898_book%202.jpeg HTTP/1.1" 304 - "-" "Mozilla/5.0 (Windows NT 6.3; Win64; x64) AppleWebKit/537.36 (KHTML, like Gecko) Chrome/89.0.4389.90 Safari/537.36"
::1 - - [24/Mar/2021:12:15:09 +0000] "GET /js/main.js HTTP/1.1" 304 - "-" "Mozilla/5.0 (Windows NT 6.3; Win64; x64) AppleWebKit/537.36 (KHTML, like Gecko) Chrome/89.0.4389.90 Safari/537.36"
::1 - - [24/Mar/2021:12:17:38 +0000] "GET /products/604db893e6fb2516d01ebef9 HTTP/1.1" 200 - "-" "Mozilla/5.0 (Windows NT 6.3; Win64; x64) AppleWebKit/537.36 (KHTML, like Gecko) Chrome/89.0.4389.90 Safari/537.36"
::1 - - [24/Mar/2021:12:17:38 +0000] "GET /css/main.css HTTP/1.1" 304 - "-" "Mozilla/5.0 (Windows NT 6.3; Win64; x64) AppleWebKit/537.36 (KHTML, like Gecko) Chrome/89.0.4389.90 Safari/537.36"
::1 - - [24/Mar/2021:12:17:38 +0000] "GET /js/main.js HTTP/1.1" 304 - "-" "Mozilla/5.0 (Windows NT 6.3; Win64; x64) AppleWebKit/537.36 (KHTML, like Gecko) Chrome/89.0.4389.90 Safari/537.36"
::1 - - [24/Mar/2021:12:17:38 +0000] "GET /images/1615706258898_book%202.jpeg HTTP/1.1" 304 - "-" "Mozilla/5.0 (Windows NT 6.3; Win64; x64) AppleWebKit/537.36 (KHTML, like Gecko) Chrome/89.0.4389.90 Safari/537.36"
::1 - - [24/Mar/2021:12:18:01 +0000] "GET /products/604db893e6fb2516d01ebef9 HTTP/1.1" 200 - "-" "Mozilla/5.0 (Windows NT 6.3; Win64; x64) AppleWebKit/537.36 (KHTML, like Gecko) Chrome/89.0.4389.90 Safari/537.36"
::1 - - [24/Mar/2021:12:18:02 +0000] "GET /css/main.css HTTP/1.1" 304 - "-" "Mozilla/5.0 (Windows NT 6.3; Win64; x64) AppleWebKit/537.36 (KHTML, like Gecko) Chrome/89.0.4389.90 Safari/537.36"
::1 - - [24/Mar/2021:12:18:02 +0000] "GET /js/main.js HTTP/1.1" 304 - "-" "Mozilla/5.0 (Windows NT 6.3; Win64; x64) AppleWebKit/537.36 (KHTML, like Gecko) Chrome/89.0.4389.90 Safari/537.36"
::1 - - [24/Mar/2021:12:18:02 +0000] "GET /images/1615706258898_book%202.jpeg HTTP/1.1" 304 - "-" "Mozilla/5.0 (Windows NT 6.3; Win64; x64) AppleWebKit/537.36 (KHTML, like Gecko) Chrome/89.0.4389.90 Safari/537.36"
::1 - - [24/Mar/2021:12:18:09 +0000] "GET /products/604db893e6fb2516d01ebef9 HTTP/1.1" 200 - "-" "Mozilla/5.0 (Windows NT 6.3; Win64; x64) AppleWebKit/537.36 (KHTML, like Gecko) Chrome/89.0.4389.90 Safari/537.36"
::1 - - [24/Mar/2021:12:18:09 +0000] "GET /css/main.css HTTP/1.1" 304 - "-" "Mozilla/5.0 (Windows NT 6.3; Win64; x64) AppleWebKit/537.36 (KHTML, like Gecko) Chrome/89.0.4389.90 Safari/537.36"
::1 - - [24/Mar/2021:12:18:09 +0000] "GET /js/main.js HTTP/1.1" 304 - "-" "Mozilla/5.0 (Windows NT 6.3; Win64; x64) AppleWebKit/537.36 (KHTML, like Gecko) Chrome/89.0.4389.90 Safari/537.36"
::1 - - [24/Mar/2021:12:18:09 +0000] "GET /images/1615706258898_book%202.jpeg HTTP/1.1" 304 - "-" "Mozilla/5.0 (Windows NT 6.3; Win64; x64) AppleWebKit/537.36 (KHTML, like Gecko) Chrome/89.0.4389.90 Safari/537.36"
::1 - - [24/Mar/2021:12:19:31 +0000] "GET /products/604db893e6fb2516d01ebef9 HTTP/1.1" 304 - "-" "Mozilla/5.0 (Windows NT 6.3; Win64; x64) AppleWebKit/537.36 (KHTML, like Gecko) Chrome/89.0.4389.90 Safari/537.36"
::1 - - [24/Mar/2021:12:19:31 +0000] "GET /css/main.css HTTP/1.1" 304 - "-" "Mozilla/5.0 (Windows NT 6.3; Win64; x64) AppleWebKit/537.36 (KHTML, like Gecko) Chrome/89.0.4389.90 Safari/537.36"
::1 - - [24/Mar/2021:12:19:31 +0000] "GET /js/main.js HTTP/1.1" 304 - "-" "Mozilla/5.0 (Windows NT 6.3; Win64; x64) AppleWebKit/537.36 (KHTML, like Gecko) Chrome/89.0.4389.90 Safari/537.36"
::1 - - [24/Mar/2021:12:19:31 +0000] "GET /images/1615706258898_book%202.jpeg HTTP/1.1" 304 - "-" "Mozilla/5.0 (Windows NT 6.3; Win64; x64) AppleWebKit/537.36 (KHTML, like Gecko) Chrome/89.0.4389.90 Safari/537.36"
::1 - - [24/Mar/2021:12:19:34 +0000] "GET / HTTP/1.1" 200 - "-" "Mozilla/5.0 (Windows NT 6.3; Win64; x64) AppleWebKit/537.36 (KHTML, like Gecko) Chrome/89.0.4389.90 Safari/537.36"
::1 - - [24/Mar/2021:12:19:34 +0000] "GET /css/main.css HTTP/1.1" 304 - "-" "Mozilla/5.0 (Windows NT 6.3; Win64; x64) AppleWebKit/537.36 (KHTML, like Gecko) Chrome/89.0.4389.90 Safari/537.36"
::1 - - [24/Mar/2021:12:19:34 +0000] "GET /css/product.css HTTP/1.1" 304 - "-" "Mozilla/5.0 (Windows NT 6.3; Win64; x64) AppleWebKit/537.36 (KHTML, like Gecko) Chrome/89.0.4389.90 Safari/537.36"
::1 - - [24/Mar/2021:12:19:34 +0000] "GET /js/main.js HTTP/1.1" 304 - "-" "Mozilla/5.0 (Windows NT 6.3; Win64; x64) AppleWebKit/537.36 (KHTML, like Gecko) Chrome/89.0.4389.90 Safari/537.36"
::1 - - [24/Mar/2021:12:19:34 +0000] "GET /images/1615613352214_book%203.jpeg HTTP/1.1" 304 - "-" "Mozilla/5.0 (Windows NT 6.3; Win64; x64) AppleWebKit/537.36 (KHTML, like Gecko) Chrome/89.0.4389.90 Safari/537.36"
::1 - - [24/Mar/2021:12:19:34 +0000] "GET /images/1615706258898_book%202.jpeg HTTP/1.1" 304 - "-" "Mozilla/5.0 (Windows NT 6.3; Win64; x64) AppleWebKit/537.36 (KHTML, like Gecko) Chrome/89.0.4389.90 Safari/537.36"
::1 - - [24/Mar/2021:12:19:34 +0000] "GET /images/1616520498523_book2.jpeg HTTP/1.1" 304 - "-" "Mozilla/5.0 (Windows NT 6.3; Win64; x64) AppleWebKit/537.36 (KHTML, like Gecko) Chrome/89.0.4389.90 Safari/537.36"
::1 - - [24/Mar/2021:12:19:40 +0000] "GET /products HTTP/1.1" 200 - "-" "Mozilla/5.0 (Windows NT 6.3; Win64; x64) AppleWebKit/537.36 (KHTML, like Gecko) Chrome/89.0.4389.90 Safari/537.36"
::1 - - [24/Mar/2021:12:19:40 +0000] "GET /css/main.css HTTP/1.1" 304 - "-" "Mozilla/5.0 (Windows NT 6.3; Win64; x64) AppleWebKit/537.36 (KHTML, like Gecko) Chrome/89.0.4389.90 Safari/537.36"
::1 - - [24/Mar/2021:12:19:40 +0000] "GET /css/product.css HTTP/1.1" 304 - "-" "Mozilla/5.0 (Windows NT 6.3; Win64; x64) AppleWebKit/537.36 (KHTML, like Gecko) Chrome/89.0.4389.90 Safari/537.36"
::1 - - [24/Mar/2021:12:19:40 +0000] "GET /js/main.js HTTP/1.1" 304 - "-" "Mozilla/5.0 (Windows NT 6.3; Win64; x64) AppleWebKit/537.36 (KHTML, like Gecko) Chrome/89.0.4389.90 Safari/537.36"
::1 - - [24/Mar/2021:12:19:40 +0000] "GET /images/1615613352214_book%203.jpeg HTTP/1.1" 304 - "-" "Mozilla/5.0 (Windows NT 6.3; Win64; x64) AppleWebKit/537.36 (KHTML, like Gecko) Chrome/89.0.4389.90 Safari/537.36"
::1 - - [24/Mar/2021:12:19:40 +0000] "GET /images/1615706258898_book%202.jpeg HTTP/1.1" 304 - "-" "Mozilla/5.0 (Windows NT 6.3; Win64; x64) AppleWebKit/537.36 (KHTML, like Gecko) Chrome/89.0.4389.90 Safari/537.36"
::1 - - [24/Mar/2021:12:19:40 +0000] "GET /images/1616520498523_book2.jpeg HTTP/1.1" 304 - "-" "Mozilla/5.0 (Windows NT 6.3; Win64; x64) AppleWebKit/537.36 (KHTML, like Gecko) Chrome/89.0.4389.90 Safari/537.36"
::1 - - [24/Mar/2021:12:19:43 +0000] "GET /products/604c4da80189d205801b763d HTTP/1.1" 200 - "-" "Mozilla/5.0 (Windows NT 6.3; Win64; x64) AppleWebKit/537.36 (KHTML, like Gecko) Chrome/89.0.4389.90 Safari/537.36"
::1 - - [24/Mar/2021:12:19:43 +0000] "GET /css/main.css HTTP/1.1" 304 - "-" "Mozilla/5.0 (Windows NT 6.3; Win64; x64) AppleWebKit/537.36 (KHTML, like Gecko) Chrome/89.0.4389.90 Safari/537.36"
::1 - - [24/Mar/2021:12:19:43 +0000] "GET /js/main.js HTTP/1.1" 304 - "-" "Mozilla/5.0 (Windows NT 6.3; Win64; x64) AppleWebKit/537.36 (KHTML, like Gecko) Chrome/89.0.4389.90 Safari/537.36"
::1 - - [24/Mar/2021:12:19:43 +0000] "GET /images/1615613352214_book%203.jpeg HTTP/1.1" 304 - "-" "Mozilla/5.0 (Windows NT 6.3; Win64; x64) AppleWebKit/537.36 (KHTML, like Gecko) Chrome/89.0.4389.90 Safari/537.36"
::1 - - [24/Mar/2021:12:19:50 +0000] "GET /css/main.css HTTP/1.1" 304 - "-" "Mozilla/5.0 (Windows NT 6.3; Win64; x64) AppleWebKit/537.36 (KHTML, like Gecko) Chrome/89.0.4389.90 Safari/537.36"
::1 - - [24/Mar/2021:12:22:18 +0000] "GET /products/604c4da80189d205801b763d HTTP/1.1" 304 - "-" "Mozilla/5.0 (iPhone; CPU iPhone OS 10_3_1 like Mac OS X) AppleWebKit/603.1.30 (KHTML, like Gecko) Version/10.0 Mobile/14E304 Safari/602.1"
::1 - - [24/Mar/2021:12:22:18 +0000] "GET /css/main.css HTTP/1.1" 304 - "-" "Mozilla/5.0 (iPhone; CPU iPhone OS 10_3_1 like Mac OS X) AppleWebKit/603.1.30 (KHTML, like Gecko) Version/10.0 Mobile/14E304 Safari/602.1"
::1 - - [24/Mar/2021:12:22:18 +0000] "GET /images/1615613352214_book%203.jpeg HTTP/1.1" 304 - "-" "Mozilla/5.0 (iPhone; CPU iPhone OS 10_3_1 like Mac OS X) AppleWebKit/603.1.30 (KHTML, like Gecko) Version/10.0 Mobile/14E304 Safari/602.1"
::1 - - [24/Mar/2021:12:22:18 +0000] "GET /js/main.js HTTP/1.1" 304 - "-" "Mozilla/5.0 (iPhone; CPU iPhone OS 10_3_1 like Mac OS X) AppleWebKit/603.1.30 (KHTML, like Gecko) Version/10.0 Mobile/14E304 Safari/602.1"
::1 - - [24/Mar/2021:12:22:20 +0000] "GET /images/1615613352214_book%203.jpeg HTTP/1.1" 304 - "-" "Mozilla/5.0 (Windows NT 6.3; Win64; x64) AppleWebKit/537.36 (KHTML, like Gecko) Chrome/89.0.4389.90 Safari/537.36"
::1 - - [24/Mar/2021:12:25:34 +0000] "GET /products/604c4da80189d205801b763d HTTP/1.1" 304 - "-" "Mozilla/5.0 (iPhone; CPU iPhone OS 10_3_1 like Mac OS X) AppleWebKit/603.1.30 (KHTML, like Gecko) Version/10.0 Mobile/14E304 Safari/602.1"
::1 - - [24/Mar/2021:12:25:34 +0000] "GET /css/main.css HTTP/1.1" 304 - "-" "Mozilla/5.0 (iPhone; CPU iPhone OS 10_3_1 like Mac OS X) AppleWebKit/603.1.30 (KHTML, like Gecko) Version/10.0 Mobile/14E304 Safari/602.1"
::1 - - [24/Mar/2021:12:25:34 +0000] "GET /images/1615613352214_book%203.jpeg HTTP/1.1" 304 - "-" "Mozilla/5.0 (iPhone; CPU iPhone OS 10_3_1 like Mac OS X) AppleWebKit/603.1.30 (KHTML, like Gecko) Version/10.0 Mobile/14E304 Safari/602.1"
::1 - - [24/Mar/2021:12:25:34 +0000] "GET /js/main.js HTTP/1.1" 304 - "-" "Mozilla/5.0 (iPhone; CPU iPhone OS 10_3_1 like Mac OS X) AppleWebKit/603.1.30 (KHTML, like Gecko) Version/10.0 Mobile/14E304 Safari/602.1"
::1 - - [24/Mar/2021:12:26:27 +0000] "GET /images/1615613352214_book%203.jpeg HTTP/1.1" 304 - "-" "Mozilla/5.0 (Windows NT 6.3; Win64; x64) AppleWebKit/537.36 (KHTML, like Gecko) Chrome/89.0.4389.90 Safari/537.36"
::1 - - [24/Mar/2021:12:26:46 +0000] "GET /images/1615613352214_book%203.jpeg HTTP/1.1" 304 - "-" "Mozilla/5.0 (Windows NT 6.3; Win64; x64) AppleWebKit/537.36 (KHTML, like Gecko) Chrome/89.0.4389.90 Safari/537.36"
::1 - - [24/Mar/2021:12:28:15 +0000] "GET /products/604c4da80189d205801b763d HTTP/1.1" 304 - "-" "Mozilla/5.0 (iPhone; CPU iPhone OS 10_3_1 like Mac OS X) AppleWebKit/603.1.30 (KHTML, like Gecko) Version/10.0 Mobile/14E304 Safari/602.1"
::1 - - [24/Mar/2021:12:28:15 +0000] "GET /images/1615613352214_book%203.jpeg HTTP/1.1" 304 - "-" "Mozilla/5.0 (iPhone; CPU iPhone OS 10_3_1 like Mac OS X) AppleWebKit/603.1.30 (KHTML, like Gecko) Version/10.0 Mobile/14E304 Safari/602.1"
::1 - - [24/Mar/2021:12:28:15 +0000] "GET /js/main.js HTTP/1.1" 304 - "-" "Mozilla/5.0 (iPhone; CPU iPhone OS 10_3_1 like Mac OS X) AppleWebKit/603.1.30 (KHTML, like Gecko) Version/10.0 Mobile/14E304 Safari/602.1"
::1 - - [24/Mar/2021:12:28:15 +0000] "GET /css/main.css HTTP/1.1" 200 - "-" "Mozilla/5.0 (iPhone; CPU iPhone OS 10_3_1 like Mac OS X) AppleWebKit/603.1.30 (KHTML, like Gecko) Version/10.0 Mobile/14E304 Safari/602.1"
::1 - - [24/Mar/2021:12:28:17 +0000] "GET /images/1615613352214_book%203.jpeg HTTP/1.1" 304 - "-" "Mozilla/5.0 (Windows NT 6.3; Win64; x64) AppleWebKit/537.36 (KHTML, like Gecko) Chrome/89.0.4389.90 Safari/537.36"
::1 - - [24/Mar/2021:12:28:22 +0000] "GET /images/1615613352214_book%203.jpeg HTTP/1.1" 304 - "-" "Mozilla/5.0 (Windows NT 6.3; Win64; x64) AppleWebKit/537.36 (KHTML, like Gecko) Chrome/89.0.4389.90 Safari/537.36"
::1 - - [24/Mar/2021:12:29:31 +0000] "GET /products/604c4da80189d205801b763d HTTP/1.1" 304 - "-" "Mozilla/5.0 (iPhone; CPU iPhone OS 10_3_1 like Mac OS X) AppleWebKit/603.1.30 (KHTML, like Gecko) Version/10.0 Mobile/14E304 Safari/602.1"
::1 - - [24/Mar/2021:12:29:32 +0000] "GET /css/main.css HTTP/1.1" 304 - "-" "Mozilla/5.0 (iPhone; CPU iPhone OS 10_3_1 like Mac OS X) AppleWebKit/603.1.30 (KHTML, like Gecko) Version/10.0 Mobile/14E304 Safari/602.1"
::1 - - [24/Mar/2021:12:29:32 +0000] "GET /images/1615613352214_book%203.jpeg HTTP/1.1" 304 - "-" "Mozilla/5.0 (iPhone; CPU iPhone OS 10_3_1 like Mac OS X) AppleWebKit/603.1.30 (KHTML, like Gecko) Version/10.0 Mobile/14E304 Safari/602.1"
::1 - - [24/Mar/2021:12:29:32 +0000] "GET /js/main.js HTTP/1.1" 304 - "-" "Mozilla/5.0 (iPhone; CPU iPhone OS 10_3_1 like Mac OS X) AppleWebKit/603.1.30 (KHTML, like Gecko) Version/10.0 Mobile/14E304 Safari/602.1"
::1 - - [24/Mar/2021:12:30:33 +0000] "GET /products/604c4da80189d205801b763d HTTP/1.1" 304 - "-" "Mozilla/5.0 (iPhone; CPU iPhone OS 10_3_1 like Mac OS X) AppleWebKit/603.1.30 (KHTML, like Gecko) Version/10.0 Mobile/14E304 Safari/602.1"
::1 - - [24/Mar/2021:12:30:33 +0000] "GET /images/1615613352214_book%203.jpeg HTTP/1.1" 304 - "-" "Mozilla/5.0 (iPhone; CPU iPhone OS 10_3_1 like Mac OS X) AppleWebKit/603.1.30 (KHTML, like Gecko) Version/10.0 Mobile/14E304 Safari/602.1"
::1 - - [24/Mar/2021:12:30:33 +0000] "GET /css/main.css HTTP/1.1" 200 - "-" "Mozilla/5.0 (iPhone; CPU iPhone OS 10_3_1 like Mac OS X) AppleWebKit/603.1.30 (KHTML, like Gecko) Version/10.0 Mobile/14E304 Safari/602.1"
::1 - - [24/Mar/2021:12:30:33 +0000] "GET /js/main.js HTTP/1.1" 304 - "-" "Mozilla/5.0 (iPhone; CPU iPhone OS 10_3_1 like Mac OS X) AppleWebKit/603.1.30 (KHTML, like Gecko) Version/10.0 Mobile/14E304 Safari/602.1"
::1 - - [24/Mar/2021:12:30:39 +0000] "GET /images/1615613352214_book%203.jpeg HTTP/1.1" 304 - "-" "Mozilla/5.0 (Windows NT 6.3; Win64; x64) AppleWebKit/537.36 (KHTML, like Gecko) Chrome/89.0.4389.90 Safari/537.36"
::1 - - [24/Mar/2021:12:32:00 +0000] "GET / HTTP/1.1" 304 - "-" "Mozilla/5.0 (Windows NT 6.3; Win64; x64) AppleWebKit/537.36 (KHTML, like Gecko) Chrome/89.0.4389.90 Safari/537.36"
::1 - - [24/Mar/2021:12:32:00 +0000] "GET /css/main.css HTTP/1.1" 304 - "-" "Mozilla/5.0 (Windows NT 6.3; Win64; x64) AppleWebKit/537.36 (KHTML, like Gecko) Chrome/89.0.4389.90 Safari/537.36"
::1 - - [24/Mar/2021:12:32:00 +0000] "GET /css/product.css HTTP/1.1" 304 - "-" "Mozilla/5.0 (Windows NT 6.3; Win64; x64) AppleWebKit/537.36 (KHTML, like Gecko) Chrome/89.0.4389.90 Safari/537.36"
::1 - - [24/Mar/2021:12:32:00 +0000] "GET /js/main.js HTTP/1.1" 304 - "-" "Mozilla/5.0 (Windows NT 6.3; Win64; x64) AppleWebKit/537.36 (KHTML, like Gecko) Chrome/89.0.4389.90 Safari/537.36"
::1 - - [24/Mar/2021:12:32:00 +0000] "GET /images/1615613352214_book%203.jpeg HTTP/1.1" 304 - "-" "Mozilla/5.0 (Windows NT 6.3; Win64; x64) AppleWebKit/537.36 (KHTML, like Gecko) Chrome/89.0.4389.90 Safari/537.36"
::1 - - [24/Mar/2021:12:32:00 +0000] "GET /images/1615706258898_book%202.jpeg HTTP/1.1" 304 - "-" "Mozilla/5.0 (Windows NT 6.3; Win64; x64) AppleWebKit/537.36 (KHTML, like Gecko) Chrome/89.0.4389.90 Safari/537.36"
::1 - - [24/Mar/2021:12:32:00 +0000] "GET /images/1616520498523_book2.jpeg HTTP/1.1" 304 - "-" "Mozilla/5.0 (Windows NT 6.3; Win64; x64) AppleWebKit/537.36 (KHTML, like Gecko) Chrome/89.0.4389.90 Safari/537.36"
::1 - - [24/Mar/2021:12:33:08 +0000] "GET / HTTP/1.1" 304 - "-" "Mozilla/5.0 (Windows NT 6.3; Win64; x64) AppleWebKit/537.36 (KHTML, like Gecko) Chrome/89.0.4389.90 Safari/537.36"
::1 - - [24/Mar/2021:12:33:09 +0000] "GET /css/product.css HTTP/1.1" 304 - "-" "Mozilla/5.0 (Windows NT 6.3; Win64; x64) AppleWebKit/537.36 (KHTML, like Gecko) Chrome/89.0.4389.90 Safari/537.36"
::1 - - [24/Mar/2021:12:33:09 +0000] "GET /css/main.css HTTP/1.1" 200 - "-" "Mozilla/5.0 (Windows NT 6.3; Win64; x64) AppleWebKit/537.36 (KHTML, like Gecko) Chrome/89.0.4389.90 Safari/537.36"
::1 - - [24/Mar/2021:12:33:09 +0000] "GET /js/main.js HTTP/1.1" 304 - "-" "Mozilla/5.0 (Windows NT 6.3; Win64; x64) AppleWebKit/537.36 (KHTML, like Gecko) Chrome/89.0.4389.90 Safari/537.36"
::1 - - [24/Mar/2021:12:33:09 +0000] "GET /images/1615613352214_book%203.jpeg HTTP/1.1" 304 - "-" "Mozilla/5.0 (Windows NT 6.3; Win64; x64) AppleWebKit/537.36 (KHTML, like Gecko) Chrome/89.0.4389.90 Safari/537.36"
::1 - - [24/Mar/2021:12:33:09 +0000] "GET /images/1615706258898_book%202.jpeg HTTP/1.1" 304 - "-" "Mozilla/5.0 (Windows NT 6.3; Win64; x64) AppleWebKit/537.36 (KHTML, like Gecko) Chrome/89.0.4389.90 Safari/537.36"
::1 - - [24/Mar/2021:12:33:09 +0000] "GET /images/1616520498523_book2.jpeg HTTP/1.1" 304 - "-" "Mozilla/5.0 (Windows NT 6.3; Win64; x64) AppleWebKit/537.36 (KHTML, like Gecko) Chrome/89.0.4389.90 Safari/537.36"
::1 - - [24/Mar/2021:12:33:16 +0000] "GET /css/main.css HTTP/1.1" 304 - "-" "Mozilla/5.0 (Windows NT 6.3; Win64; x64) AppleWebKit/537.36 (KHTML, like Gecko) Chrome/89.0.4389.90 Safari/537.36"
::1 - - [24/Mar/2021:12:33:16 +0000] "GET /css/product.css HTTP/1.1" 304 - "-" "Mozilla/5.0 (Windows NT 6.3; Win64; x64) AppleWebKit/537.36 (KHTML, like Gecko) Chrome/89.0.4389.90 Safari/537.36"
::1 - - [24/Mar/2021:12:33:25 +0000] "GET /products/604c4da80189d205801b763d HTTP/1.1" 304 - "-" "Mozilla/5.0 (iPhone; CPU iPhone OS 10_3_1 like Mac OS X) AppleWebKit/603.1.30 (KHTML, like Gecko) Version/10.0 Mobile/14E304 Safari/602.1"
::1 - - [24/Mar/2021:12:33:25 +0000] "GET /css/main.css HTTP/1.1" 304 - "-" "Mozilla/5.0 (iPhone; CPU iPhone OS 10_3_1 like Mac OS X) AppleWebKit/603.1.30 (KHTML, like Gecko) Version/10.0 Mobile/14E304 Safari/602.1"
::1 - - [24/Mar/2021:12:33:25 +0000] "GET /images/1615613352214_book%203.jpeg HTTP/1.1" 304 - "-" "Mozilla/5.0 (iPhone; CPU iPhone OS 10_3_1 like Mac OS X) AppleWebKit/603.1.30 (KHTML, like Gecko) Version/10.0 Mobile/14E304 Safari/602.1"
::1 - - [24/Mar/2021:12:33:25 +0000] "GET /js/main.js HTTP/1.1" 304 - "-" "Mozilla/5.0 (iPhone; CPU iPhone OS 10_3_1 like Mac OS X) AppleWebKit/603.1.30 (KHTML, like Gecko) Version/10.0 Mobile/14E304 Safari/602.1"
::1 - - [24/Mar/2021:12:33:41 +0000] "GET /images/1615613352214_book%203.jpeg HTTP/1.1" 304 - "-" "Mozilla/5.0 (Windows NT 6.3; Win64; x64) AppleWebKit/537.36 (KHTML, like Gecko) Chrome/89.0.4389.90 Safari/537.36"
::1 - - [24/Mar/2021:12:34:26 +0000] "GET /products/604c4da80189d205801b763d HTTP/1.1" 304 - "-" "Mozilla/5.0 (Windows NT 6.3; Win64; x64) AppleWebKit/537.36 (KHTML, like Gecko) Chrome/89.0.4389.90 Safari/537.36"
::1 - - [24/Mar/2021:12:34:26 +0000] "GET /images/1615613352214_book%203.jpeg HTTP/1.1" 304 - "-" "Mozilla/5.0 (Windows NT 6.3; Win64; x64) AppleWebKit/537.36 (KHTML, like Gecko) Chrome/89.0.4389.90 Safari/537.36"
::1 - - [24/Mar/2021:12:34:26 +0000] "GET /js/main.js HTTP/1.1" 304 - "-" "Mozilla/5.0 (Windows NT 6.3; Win64; x64) AppleWebKit/537.36 (KHTML, like Gecko) Chrome/89.0.4389.90 Safari/537.36"
::1 - - [24/Mar/2021:12:34:26 +0000] "GET /css/main.css HTTP/1.1" 200 - "-" "Mozilla/5.0 (Windows NT 6.3; Win64; x64) AppleWebKit/537.36 (KHTML, like Gecko) Chrome/89.0.4389.90 Safari/537.36"
::1 - - [24/Mar/2021:12:34:39 +0000] "GET /products/604c4da80189d205801b763d HTTP/1.1" 304 - "-" "Mozilla/5.0 (iPhone; CPU iPhone OS 10_3_1 like Mac OS X) AppleWebKit/603.1.30 (KHTML, like Gecko) Version/10.0 Mobile/14E304 Safari/602.1"
::1 - - [24/Mar/2021:12:34:39 +0000] "GET /css/main.css HTTP/1.1" 304 - "-" "Mozilla/5.0 (iPhone; CPU iPhone OS 10_3_1 like Mac OS X) AppleWebKit/603.1.30 (KHTML, like Gecko) Version/10.0 Mobile/14E304 Safari/602.1"
::1 - - [24/Mar/2021:12:34:39 +0000] "GET /images/1615613352214_book%203.jpeg HTTP/1.1" 304 - "-" "Mozilla/5.0 (iPhone; CPU iPhone OS 10_3_1 like Mac OS X) AppleWebKit/603.1.30 (KHTML, like Gecko) Version/10.0 Mobile/14E304 Safari/602.1"
::1 - - [24/Mar/2021:12:34:39 +0000] "GET /js/main.js HTTP/1.1" 304 - "-" "Mozilla/5.0 (iPhone; CPU iPhone OS 10_3_1 like Mac OS X) AppleWebKit/603.1.30 (KHTML, like Gecko) Version/10.0 Mobile/14E304 Safari/602.1"
::1 - - [24/Mar/2021:12:35:24 +0000] "GET /products HTTP/1.1" 304 - "-" "Mozilla/5.0 (iPhone; CPU iPhone OS 10_3_1 like Mac OS X) AppleWebKit/603.1.30 (KHTML, like Gecko) Version/10.0 Mobile/14E304 Safari/602.1"
::1 - - [24/Mar/2021:12:35:24 +0000] "GET /css/product.css HTTP/1.1" 304 - "-" "Mozilla/5.0 (iPhone; CPU iPhone OS 10_3_1 like Mac OS X) AppleWebKit/603.1.30 (KHTML, like Gecko) Version/10.0 Mobile/14E304 Safari/602.1"
::1 - - [24/Mar/2021:12:35:24 +0000] "GET /js/main.js HTTP/1.1" 304 - "-" "Mozilla/5.0 (iPhone; CPU iPhone OS 10_3_1 like Mac OS X) AppleWebKit/603.1.30 (KHTML, like Gecko) Version/10.0 Mobile/14E304 Safari/602.1"
::1 - - [24/Mar/2021:12:35:24 +0000] "GET /images/1615613352214_book%203.jpeg HTTP/1.1" 304 - "-" "Mozilla/5.0 (iPhone; CPU iPhone OS 10_3_1 like Mac OS X) AppleWebKit/603.1.30 (KHTML, like Gecko) Version/10.0 Mobile/14E304 Safari/602.1"
::1 - - [24/Mar/2021:12:35:24 +0000] "GET /css/main.css HTTP/1.1" 200 - "-" "Mozilla/5.0 (iPhone; CPU iPhone OS 10_3_1 like Mac OS X) AppleWebKit/603.1.30 (KHTML, like Gecko) Version/10.0 Mobile/14E304 Safari/602.1"
::1 - - [24/Mar/2021:12:35:24 +0000] "GET /images/1615706258898_book%202.jpeg HTTP/1.1" 304 - "-" "Mozilla/5.0 (iPhone; CPU iPhone OS 10_3_1 like Mac OS X) AppleWebKit/603.1.30 (KHTML, like Gecko) Version/10.0 Mobile/14E304 Safari/602.1"
::1 - - [24/Mar/2021:12:35:24 +0000] "GET /images/1616520498523_book2.jpeg HTTP/1.1" 304 - "-" "Mozilla/5.0 (iPhone; CPU iPhone OS 10_3_1 like Mac OS X) AppleWebKit/603.1.30 (KHTML, like Gecko) Version/10.0 Mobile/14E304 Safari/602.1"
::1 - - [24/Mar/2021:12:35:35 +0000] "GET / HTTP/1.1" 304 - "-" "Mozilla/5.0 (iPhone; CPU iPhone OS 10_3_1 like Mac OS X) AppleWebKit/603.1.30 (KHTML, like Gecko) Version/10.0 Mobile/14E304 Safari/602.1"
::1 - - [24/Mar/2021:12:35:35 +0000] "GET /css/main.css HTTP/1.1" 304 - "-" "Mozilla/5.0 (iPhone; CPU iPhone OS 10_3_1 like Mac OS X) AppleWebKit/603.1.30 (KHTML, like Gecko) Version/10.0 Mobile/14E304 Safari/602.1"
::1 - - [24/Mar/2021:12:35:35 +0000] "GET /css/product.css HTTP/1.1" 304 - "-" "Mozilla/5.0 (iPhone; CPU iPhone OS 10_3_1 like Mac OS X) AppleWebKit/603.1.30 (KHTML, like Gecko) Version/10.0 Mobile/14E304 Safari/602.1"
::1 - - [24/Mar/2021:12:35:35 +0000] "GET /js/main.js HTTP/1.1" 304 - "-" "Mozilla/5.0 (iPhone; CPU iPhone OS 10_3_1 like Mac OS X) AppleWebKit/603.1.30 (KHTML, like Gecko) Version/10.0 Mobile/14E304 Safari/602.1"
::1 - - [24/Mar/2021:12:35:35 +0000] "GET /images/1615613352214_book%203.jpeg HTTP/1.1" 304 - "-" "Mozilla/5.0 (iPhone; CPU iPhone OS 10_3_1 like Mac OS X) AppleWebKit/603.1.30 (KHTML, like Gecko) Version/10.0 Mobile/14E304 Safari/602.1"
::1 - - [24/Mar/2021:12:35:35 +0000] "GET /images/1615706258898_book%202.jpeg HTTP/1.1" 304 - "-" "Mozilla/5.0 (iPhone; CPU iPhone OS 10_3_1 like Mac OS X) AppleWebKit/603.1.30 (KHTML, like Gecko) Version/10.0 Mobile/14E304 Safari/602.1"
::1 - - [24/Mar/2021:12:35:35 +0000] "GET /images/1616520498523_book2.jpeg HTTP/1.1" 304 - "-" "Mozilla/5.0 (iPhone; CPU iPhone OS 10_3_1 like Mac OS X) AppleWebKit/603.1.30 (KHTML, like Gecko) Version/10.0 Mobile/14E304 Safari/602.1"
